ScanVentureProject/gradleBuild/intermediates/manifest_merge_blame_file/debug/manifest-merger-blame-debug-report.txt
1<?xml version="1.0" encoding="utf-8"?>
2<manifest xmlns:android="http://schemas.android.com/apk/res/android"
3    package="hash.tf.objectdetection"
4    android:versionCode="1"
5    android:versionName="1" >
6
7    <uses-sdk
7-->ScanVentureProject\AndroidManifest.xml:6:5-47
8        android:minSdkVersion="28"
8-->ScanVentureProject\AndroidManifest.xml:6:5-47
9        android:targetSdkVersion="28" />
9-->ScanVentureProject\AndroidManifest.xml:6:15-44
10
11    <uses-permission android:name="android.permission.INTERNET" >
11-->ScanVentureProject\AndroidManifest.xml:4:5-84
11-->ScanVentureProject\AndroidManifest.xml:4:22-64
12    </uses-permission>
13    <uses-permission android:name="android.permission.CAMERA" />
13-->ScanVentureProject\AndroidManifest.xml:8:5-65
13-->ScanVentureProject\AndroidManifest.xml:8:22-62
14
15    <uses-feature android:name="android.hardware.camera" />
15-->ScanVentureProject\AndroidManifest.xml:10:5-60
15-->ScanVentureProject\AndroidManifest.xml:10:19-57
16    <uses-feature android:name="android.hardware.camera.autofocus" />
16-->ScanVentureProject\AndroidManifest.xml:11:5-70
16-->ScanVentureProject\AndroidManifest.xml:11:19-67
17
18    <uses-permission android:name="android.permission.WRITE_EXTERNAL_STORAGE" />
19    <uses-permission android:name="android.permission.READ_PHONE_STATE" />
20    <uses-permission android:name="android.permission.READ_EXTERNAL_STORAGE" />
21
22    <application
22-->ScanVentureProject\AndroidManifest.xml:13:5-32:19
23        android:allowBackup="true"
23-->ScanVentureProject\AndroidManifest.xml:14:9-35
24        android:appComponentFactory="androidx.core.app.CoreComponentFactory"
24-->[androidx.core:core:1.0.0] AndroidManifest.xml:22:18-86
25        android:debuggable="true"
26        android:extractNativeLibs="false"
27        android:icon="@drawable/icon2"
27-->ScanVentureProject\AndroidManifest.xml:15:9-39
28        android:label="@string/app_name"
28-->ScanVentureProject\AndroidManifest.xml:16:9-41
29        android:largeHeap="true"
29-->ScanVentureProject\AndroidManifest.xml:17:9-33
30        android:supportsRtl="false"
30-->ScanVentureProject\AndroidManifest.xml:18:9-36
31        android:testOnly="true"
32        android:theme="@style/MaterialTheme" >
32-->ScanVentureProject\AndroidManifest.xml:19:9-45
33        <activity android:name="org.tensorflow.demo.Login" >
33-->ScanVentureProject\AndroidManifest.xml:20:9-25:20
33-->ScanVentureProject\AndroidManifest.xml:20:19-40
34            <intent-filter>
34-->ScanVentureProject\AndroidManifest.xml:21:13-24:29
35                <action android:name="android.intent.action.MAIN" />
35-->ScanVentureProject\AndroidManifest.xml:22:17-69
35-->ScanVentureProject\AndroidManifest.xml:22:25-66
36
37                <category android:name="android.intent.category.LAUNCHER" />
37-->ScanVentureProject\AndroidManifest.xml:23:17-77
37-->ScanVentureProject\AndroidManifest.xml:23:27-74
38            </intent-filter>
39        </activity>
40        <activity android:name="org.tensorflow.demo.DetectorActivity" />
40-->ScanVentureProject\AndroidManifest.xml:26:9-63
40-->ScanVentureProject\AndroidManifest.xml:26:19-51
41        <activity android:name="org.tensorflow.demo.CameraActivity" />
41-->ScanVentureProject\AndroidManifest.xml:27:9-61
41-->ScanVentureProject\AndroidManifest.xml:27:19-49
42        <activity
42-->ScanVentureProject\AndroidManifest.xml:28:9-31:20
43            android:name="org.tensorflow.demo.Start"
43-->ScanVentureProject\AndroidManifest.xml:29:13-34
44            android:screenOrientation="fullSensor" >
44-->ScanVentureProject\AndroidManifest.xml:30:13-51
45        </activity>
46        <activity
46-->[com.google.android.gms:play-services-auth:18.0.0] AndroidManifest.xml:23:9-27:75
47            android:name="com.google.android.gms.auth.api.signin.internal.SignInHubActivity"
47-->[com.google.android.gms:play-services-auth:18.0.0] AndroidManifest.xml:24:13-93
48            android:excludeFromRecents="true"
48-->[com.google.android.gms:play-services-auth:18.0.0] AndroidManifest.xml:25:13-46
49            android:exported="false"
49-->[com.google.android.gms:play-services-auth:18.0.0] AndroidManifest.xml:26:13-37
50            android:theme="@android:style/Theme.Translucent.NoTitleBar" />
50-->[com.google.android.gms:play-services-auth:18.0.0] AndroidManifest.xml:27:13-72
51        <!--
52            Service handling Google Sign-In user revocation. For apps that do not integrate with
53            Google Sign-In, this service will never be started.
54        -->
55        <service
55-->[com.google.android.gms:play-services-auth:18.0.0] AndroidManifest.xml:33:9-36:110
56            android:name="com.google.android.gms.auth.api.signin.RevocationBoundService"
56-->[com.google.android.gms:play-services-auth:18.0.0] AndroidManifest.xml:34:13-89
57            android:exported="true"
57-->[com.google.android.gms:play-services-auth:18.0.0] AndroidManifest.xml:35:13-36
58            android:permission="com.google.android.gms.auth.api.signin.permission.REVOCATION_NOTIFICATION" />
58-->[com.google.android.gms:play-services-auth:18.0.0] AndroidManifest.xml:36:13-107
59
60        <activity
60-->[com.google.android.gms:play-services-base:17.1.0] AndroidManifest.xml:23:9-26:75
61            android:name="com.google.android.gms.common.api.GoogleApiActivity"
61-->[com.google.android.gms:play-services-base:17.1.0] AndroidManifest.xml:24:13-79
62            android:exported="false"
62-->[com.google.android.gms:play-services-base:17.1.0] AndroidManifest.xml:25:13-37
63            android:theme="@android:style/Theme.Translucent.NoTitleBar" />
63-->[com.google.android.gms:play-services-base:17.1.0] AndroidManifest.xml:26:13-72
64
65        <meta-data
65-->[com.google.android.gms:play-services-basement:17.1.1] AndroidManifest.xml:23:9-25:69
66            android:name="com.google.android.gms.version"
66-->[com.google.android.gms:play-services-basement:17.1.1] AndroidManifest.xml:24:13-58
67            android:value="@integer/google_play_services_version" />
67-->[com.google.android.gms:play-services-basement:17.1.1] AndroidManifest.xml:25:13-66
68    </application>
69
70</manifest>